<?xml version="1.0" encoding="UTF-8"?>
<!-- Generated by org.testng.reporters.JUnitReportReporter -->
<testsuite hostname="DESKTOP-L1CFLLS" failures="0" tests="10" name="testCases.ProductTest" time="20.653" errors="0" timestamp="2026-02-25T17:06:46 IST" skipped="0">
  <testcase classname="testCases.ProductTest" name="testGetProducssortedAscendingorder" time="1.592"/>
  <testcase classname="testCases.ProductTest" name="testGetProductsbyID" time="1.075"/>
  <testcase classname="testCases.ProductTest" name="testAddNewProduct" time="8.710"/>
  <testcase classname="testCases.ProductTest" name="testGetProductsByCategory" time="1.020"/>
  <testcase classname="testCases.ProductTest" name="testupdateProduct" time="0.857"/>
  <testcase classname="testCases.ProductTest" name="testGetProducssortedDescendingorder" time="2.388"/>
  <testcase classname="testCases.ProductTest" name="testdeleteProduct" time="0.884"/>
  <testcase classname="testCases.ProductTest" name="testGetProducscategories" time="1.081"/>
  <testcase classname="testCases.ProductTest" name="testGetallProducts" time="1.690"/>
  <testcase classname="testCases.ProductTest" name="testGetProductlimit" time="1.356"/>
</testsuite> <!-- testCases.ProductTest -->
